--------------------------------------------------------------------------
prterun detected that one or more processes exited with non-zero status,
thus causing the job to be terminated. The first process to do so was:

   Process name: [prterun-r264-72114@1,2]
   Exit code:    1
--------------------------------------------------------------------------
./run_lammps.sh: line 106: echo: write error: Disk quota exceeded
./run_lammps.sh: line 107: echo: write error: Disk quota exceeded
./run_lammps.sh: line 108: echo: write error: Disk quota exceeded
./run_lammps.sh: line 114: echo: write error: Disk quota exceeded
Exception ignored in: <_io.TextIOWrapper name='<stdout>' mode='w' encoding='utf-8'>
OSError: [Errno 122] Disk quota exceeded
./run_lammps.sh: line 117: echo: write error: Disk quota exceeded
Traceback (most recent call last):
  File "/jet/home/dpollard/Documents/lammps_work/scripts/plot_stress_profiles.py", line 330, in <module>
    plot_stress_profiles(folder, dataname, datasteps)
  File "/jet/home/dpollard/Documents/lammps_work/scripts/plot_stress_profiles.py", line 83, in plot_stress_profiles
    box_dims = get_box_dims(folder, dataname)
               ^^^^^^^^^^^^^^^^^^^^^^^^^^^^^^
  File "/jet/home/dpollard/Documents/lammps_work/scripts/plot_stress_profiles.py", line 43, in get_box_dims
    with open(data_file, 'r') as f:
         ^^^^^^^^^^^^^^^^^^^^
FileNotFoundError: [Errno 2] No such file or directory: 'slab_with_flow/data_files/equil_slab_support_5beads_10x10x5_rho6_extra_padding43_1.5_1.4_8000000.data'
./run_lammps.sh: line 120: echo: write error: Disk quota exceeded
Exception ignored in: <_io.TextIOWrapper name='<stdout>' mode='w' encoding='utf-8'>
OSError: [Errno 122] Disk quota exceeded
./run_lammps.sh: line 123: echo: write error: Disk quota exceeded
./run_lammps.sh: line 124: echo: write error: Disk quota exceeded
./run_lammps.sh: line 125: echo: write error: Disk quota exceeded
